[14:04:57.261][info] [#0:/home/jsmith/.local/share/nvim/mason/packages/lua-language-server/libexec/main.lua:68]: Lua Lsp startup, root: 	/home/jsmith/.local/share/nvim/mason/packages/lua-language-server/libexec
[14:04:57.261][info] [#0:/home/jsmith/.local/share/nvim/mason/packages/lua-language-server/libexec/main.lua:69]: ROOT:	/home/jsmith/.local/share/nvim/mason/packages/lua-language-server/libexec
[14:04:57.261][info] [#0:/home/jsmith/.local/share/nvim/mason/packages/lua-language-server/libexec/main.lua:70]: LOGPATH:	/home/jsmith/.local/share/nvim/mason/packages/lua-language-server/libexec/log
[14:04:57.261][info] [#0:/home/jsmith/.local/share/nvim/mason/packages/lua-language-server/libexec/main.lua:71]: METAPATH:	/home/jsmith/.local/share/nvim/mason/packages/lua-language-server/libexec/meta
[14:04:57.263][info] [#0:/home/jsmith/.local/share/nvim/mason/packages/lua-language-server/libexec/main.lua:72]: VERSION:	3.15.0
[14:04:57.321][info] [#0:script/proto/proto.lua:260]: Listen Mode: stdio
[14:04:57.321][info] [#0:script/service/service.lua:145]: 
========= Medical Examination Report =========
    --------------- Memory ---------------
        Total: 2.266 MB
        # 00 : 2.265 MB
        # 01 : 0.000 MB
        # 02 : 0.000 MB
        # 03 : 0.000 MB
        # 04 : 0.000 MB
    --------------- Coroutine ---------------
        Total:     0
        Running:   0
        Suspended: 0
        Normal:    0
        Dead:      0
    --------------- Cache ---------------
        Total: 1
        Dead:  0
    ---------------  RPC  ---------------
        Holdon:   0
        Waiting:  0
==============================================
[14:04:57.431][info] [#0:script/client.lua:657]: Client init	{
  capabilities = {
    general = {
      positionEncodings = { "utf-8", "utf-16", "utf-32" }
    },
    textDocument = {
      callHierarchy = {
        dynamicRegistration = false
      },
      codeAction = {
        codeActionLiteralSupport = {
          codeActionKind = {
            valueSet = { "", "quickfix", "refactor", "refactor.extract", "refactor.inline", "refactor.rewrite", "source", "source.organizeImports" }
          }
        },
        dataSupport = true,
        dynamicRegistration = true,
        isPreferredSupport = true,
        resolveSupport = {
          properties = { "edit", "command" }
        }
      },
      codeLens = {
        dynamicRegistration = false,
        resolveSupport = {
          properties = { "command" }
        }
      },
      completion = {
        completionItem = {
          commitCharactersSupport = false,
          deprecatedSupport = true,
          documentationFormat = { "markdown", "plaintext" },
          preselectSupport = false,
          resolveSupport = {
            properties = { "additionalTextEdits", "command" }
          },
          snippetSupport = true,
          tagSupport = {
            valueSet = { 1 }
          }
        },
        completionItemKind = {
          valueSet = { 1, 2, 3, 4, 5, 6, 7, 8, 9, 10, 11, 12, 13, 14, 15, 16, 17, 18, 19, 20, 21, 22, 23, 24, 25 }
        },
        completionList = {
          itemDefaults = { "editRange", "insertTextFormat", "insertTextMode", "data" }
        },
        contextSupport = true,
        dynamicRegistration = false
      },
      declaration = {
        linkSupport = true
      },
      definition = {
        dynamicRegistration = true,
        linkSupport = true
      },
      diagnostic = {
        dynamicRegistration = false,
        tagSupport = {
          valueSet = { 1, 2 }
        }
      },
      documentHighlight = {
        dynamicRegistration = false
      },
      documentSymbol = {
        dynamicRegistration = false,
        hierarchicalDocumentSymbolSupport = true,
        symbolKind = {
          valueSet = { 1, 2, 3, 4, 5, 6, 7, 8, 9, 10, 11, 12, 13, 14, 15, 16, 17, 18, 19, 20, 21, 22, 23, 24, 25, 26 }
        }
      },
      foldingRange = {
        dynamicRegistration = false,
        foldingRange = {
          collapsedText = true
        },
        foldingRangeKind = {
          valueSet = { "comment", "imports", "region" }
        },
        lineFoldingOnly = true
      },
      formatting = {
        dynamicRegistration = true
      },
      hover = {
        contentFormat = { "markdown", "plaintext" },
        dynamicRegistration = true
      },
      implementation = {
        linkSupport = true
      },
      inlayHint = {
        dynamicRegistration = true,
        resolveSupport = {
          properties = { "textEdits", "tooltip", "location", "command" }
        }
      },
      publishDiagnostics = {
        dataSupport = true,
        relatedInformation = true,
        tagSupport = {
          valueSet = { 1, 2 }
        }
      },
      rangeFormatting = {
        dynamicRegistration = true,
        rangesSupport = true
      },
      references = {
        dynamicRegistration = false
      },
      rename = {
        dynamicRegistration = true,
        prepareSupport = true
      },
      semanticTokens = {
        augmentsSyntaxTokens = true,
        dynamicRegistration = false,
        formats = { "relative" },
        multilineTokenSupport = false,
        overlappingTokenSupport = true,
        requests = {
          full = {
            delta = true
          },
          range = false
        },
        serverCancelSupport = false,
        tokenModifiers = { "declaration", "definition", "readonly", "static", "deprecated", "abstract", "async", "modification", "documentation", "defaultLibrary" },
        tokenTypes = { "namespace", "type", "class", "enum", "interface", "struct", "typeParameter", "parameter", "variable", "property", "enumMember", "event", "function", "method", "macro", "keyword", "modifier", "comment", "string", "number", "regexp", "operator", "decorator" }
      },
      signatureHelp = {
        dynamicRegistration = false,
        signatureInformation = {
          activeParameterSupport = true,
          documentationFormat = { "markdown", "plaintext" },
          parameterInformation = {
            labelOffsetSupport = true
          }
        }
      },
      synchronization = {
        didSave = true,
        dynamicRegistration = false,
        willSave = true,
        willSaveWaitUntil = true
      },
      typeDefinition = {
        linkSupport = true
      }
    },
    window = {
      showDocument = {
        support = true
      },
      showMessage = {
        messageActionItem = {
          additionalPropertiesSupport = true
        }
      },
      workDoneProgress = true
    },
    workspace = {
      applyEdit = true,
      configuration = true,
      didChangeConfiguration = {
        dynamicRegistration = false
      },
      didChangeWatchedFiles = {
        dynamicRegistration = false,
        relativePatternSupport = true
      },
      inlayHint = {
        refreshSupport = true
      },
      semanticTokens = {
        refreshSupport = true
      },
      symbol = {
        dynamicRegistration = false,
        symbolKind = {
          valueSet = { 1, 2, 3, 4, 5, 6, 7, 8, 9, 10, 11, 12, 13, 14, 15, 16, 17, 18, 19, 20, 21, 22, 23, 24, 25, 26 }
        }
      },
      workspaceEdit = {
        resourceOperations = { "rename", "create", "delete" }
      },
      workspaceFolders = true
    }
  },
  clientInfo = {
    name = "Neovim",
    version = "0.11.4+v0.11.4"
  },
  processId = 137689,
  rootPath = "/home/jsmith/Documents/custom-arch/airootfs/root/.config/nvim",
  rootUri = "file:///home/jsmith/Documents/custom-arch/airootfs/root/.config/nvim",
  trace = "off",
  workDoneToken = "1",
  workspaceFolders = { {
      name = "/home/jsmith/Documents/custom-arch/airootfs/root/.config/nvim",
      uri = "file:///home/jsmith/Documents/custom-arch/airootfs/root/.config/nvim"
    } }
}
[14:04:57.432][info] [#0:script/language.lua:137]: VSC language: nil
[14:04:57.432][info] [#0:script/language.lua:138]: LS  language: en-us
[14:04:57.432][info] [#0:script/workspace/workspace.lua:38]: Workspace init root: 	file:///home/jsmith/Documents/custom-arch/airootfs/root/.config/nvim
[14:04:57.432][info] [#0:script/workspace/workspace.lua:42]: Log path: 	/home/jsmith/.local/share/nvim/mason/packages/lua-language-server/libexec/log/file_home_jsmith_Documents_custom-arch_airootfs_root_.config_nvim.log
[14:04:57.433][info] [#0:script/workspace/workspace.lua:48]: Workspace create: 	file:///home/jsmith/Documents/custom-arch/airootfs/root/.config/nvim
[14:04:57.744][warn] [#0:script/config/loader.lua:116]: No config?	{}
[14:04:57.846][warn] [#0:script/config/loader.lua:116]: No config?	{}
[14:04:57.846][info] [#0:script/provider/provider.lua:65]: Load config from client	fallback
[14:04:57.846][info] [#0:script/provider/provider.lua:66]: nil
[14:04:57.988][info] [#0:script/library.lua:212]: Init builtin library at:	file:///home/jsmith/Documents/custom-arch/airootfs/root/.config/nvim
[14:04:58.040][info] [#0:script/library.lua:212]: Init builtin library at:	nil
[14:04:58.154][info] [#0:script/workspace/workspace.lua:330]: Preload start:	file:///home/jsmith/Documents/custom-arch/airootfs/root/.config/nvim
[14:04:58.159][info] [#0:script/workspace/workspace.lua:336]: Scan files at:	file:///home/jsmith/Documents/custom-arch/airootfs/root/.config/nvim
[14:04:58.163][info] [#0:script/workspace/workspace.lua:330]: Preload start:	<fallback>
[14:04:58.176][info] [#0:script/workspace/workspace.lua:359]: Scan library at:	file:///home/jsmith/.local/share/nvim/mason/packages/lua-language-server/libexec/meta/Lua%205.4%20en-us%20utf8/utf8.lua
[14:04:58.178][info] [#0:script/workspace/workspace.lua:359]: Scan library at:	file:///home/jsmith/.local/share/nvim/mason/packages/lua-language-server/libexec/meta/Lua%205.4%20en-us%20utf8/os.lua
[14:04:58.179][info] [#0:script/workspace/workspace.lua:359]: Scan library at:	file:///home/jsmith/.local/share/nvim/mason/packages/lua-language-server/libexec/meta/Lua%205.4%20en-us%20utf8/coroutine.lua
[14:04:58.181][info] [#0:script/workspace/workspace.lua:359]: Scan library at:	file:///home/jsmith/.local/share/nvim/mason/packages/lua-language-server/libexec/meta/Lua%205.4%20en-us%20utf8/string.lua
[14:04:58.182][info] [#0:script/workspace/workspace.lua:359]: Scan library at:	file:///home/jsmith/.local/share/nvim/mason/packages/lua-language-server/libexec/meta/Lua%205.4%20en-us%20utf8/io.lua
[14:04:58.182][info] [#0:script/workspace/workspace.lua:359]: Scan library at:	file:///home/jsmith/.local/share/nvim/mason/packages/lua-language-server/libexec/meta/Lua%205.4%20en-us%20utf8/basic.lua
[14:04:58.183][info] [#0:script/workspace/workspace.lua:359]: Scan library at:	file:///home/jsmith/.local/share/nvim/mason/packages/lua-language-server/libexec/meta/Lua%205.4%20en-us%20utf8/builtin.lua
[14:04:58.184][info] [#0:script/workspace/workspace.lua:359]: Scan library at:	file:///home/jsmith/.local/share/nvim/mason/packages/lua-language-server/libexec/meta/Lua%205.4%20en-us%20utf8/math.lua
[14:04:58.186][info] [#0:script/workspace/workspace.lua:359]: Scan library at:	file:///home/jsmith/.local/share/nvim/mason/packages/lua-language-server/libexec/meta/Lua%205.4%20en-us%20utf8/table.lua
[14:04:58.187][info] [#0:script/workspace/workspace.lua:359]: Scan library at:	file:///home/jsmith/.local/share/nvim/mason/packages/lua-language-server/libexec/meta/Lua%205.4%20en-us%20utf8/utf8.lua
[14:04:58.187][info] [#0:script/workspace/workspace.lua:359]: Scan library at:	file:///home/jsmith/.local/share/nvim/mason/packages/lua-language-server/libexec/meta/Lua%205.4%20en-us%20utf8/package.lua
[14:04:58.188][info] [#0:script/workspace/workspace.lua:359]: Scan library at:	file:///home/jsmith/.local/share/nvim/mason/packages/lua-language-server/libexec/meta/Lua%205.4%20en-us%20utf8/os.lua
[14:04:58.188][info] [#0:script/workspace/workspace.lua:359]: Scan library at:	file:///home/jsmith/.local/share/nvim/mason/packages/lua-language-server/libexec/meta/Lua%205.4%20en-us%20utf8/debug.lua
[14:04:58.189][info] [#0:script/workspace/workspace.lua:359]: Scan library at:	file:///home/jsmith/.local/share/nvim/mason/packages/lua-language-server/libexec/meta/Lua%205.4%20en-us%20utf8/coroutine.lua
[14:04:58.189][info] [#0:script/workspace/workspace.lua:359]: Scan library at:	file:///home/jsmith/.local/share/nvim/mason/packages/lua-language-server/libexec/meta/Lua%205.4%20en-us%20utf8/string.lua
[14:04:58.190][info] [#0:script/workspace/workspace.lua:359]: Scan library at:	file:///home/jsmith/.local/share/nvim/mason/packages/lua-language-server/libexec/meta/Lua%205.4%20en-us%20utf8/io.lua
[14:04:58.190][info] [#0:script/workspace/workspace.lua:359]: Scan library at:	file:///home/jsmith/.local/share/nvim/mason/packages/lua-language-server/libexec/meta/Lua%205.4%20en-us%20utf8/basic.lua
[14:04:58.191][info] [#0:script/workspace/workspace.lua:359]: Scan library at:	file:///home/jsmith/.local/share/nvim/mason/packages/lua-language-server/libexec/meta/Lua%205.4%20en-us%20utf8/builtin.lua
[14:04:58.192][info] [#0:script/workspace/workspace.lua:359]: Scan library at:	file:///home/jsmith/.local/share/nvim/mason/packages/lua-language-server/libexec/meta/Lua%205.4%20en-us%20utf8/math.lua
[14:04:58.192][info] [#0:script/workspace/workspace.lua:359]: Scan library at:	file:///home/jsmith/.local/share/nvim/mason/packages/lua-language-server/libexec/meta/Lua%205.4%20en-us%20utf8/table.lua
[14:04:58.193][info] [#0:script/workspace/workspace.lua:359]: Scan library at:	file:///home/jsmith/.local/share/nvim/mason/packages/lua-language-server/libexec/meta/Lua%205.4%20en-us%20utf8/package.lua
[14:04:58.193][info] [#0:script/workspace/workspace.lua:359]: Scan library at:	file:///home/jsmith/.local/share/nvim/mason/packages/lua-language-server/libexec/meta/Lua%205.4%20en-us%20utf8/debug.lua
[14:04:58.295][info] [#0:script/workspace/workspace.lua:385]: Found 11 files at:	<fallback>
[14:04:58.295][info] [#0:script/workspace/loading.lua:160]: Load files from disk:	<fallback>
[14:04:58.295][info] [#0:script/workspace/workspace.lua:385]: Found 15 files at:	file:///home/jsmith/Documents/custom-arch/airootfs/root/.config/nvim
[14:04:58.295][info] [#0:script/workspace/loading.lua:160]: Load files from disk:	file:///home/jsmith/Documents/custom-arch/airootfs/root/.config/nvim
[14:04:58.298][info] [#0:script/workspace/loading.lua:100]: Preload file at: file:///home/jsmith/.local/share/nvim/mason/packages/lua-language-server/libexec/meta/Lua%205.4%20en-us%20utf8/debug.lua , size = 7.637 KB
[14:04:58.314][info] [#0:script/workspace/loading.lua:112]: ++++As library of:	file:///home/jsmith/.local/share/nvim/mason/packages/lua-language-server/libexec/meta/Lua%205.4%20en-us%20utf8/debug.lua
[14:04:58.314][info] [#0:script/workspace/loading.lua:97]: Skip loaded file: file:///home/jsmith/.local/share/nvim/mason/packages/lua-language-server/libexec/meta/Lua%205.4%20en-us%20utf8/debug.lua
[14:04:58.314][info] [#0:script/workspace/loading.lua:100]: Preload file at: file:///home/jsmith/.local/share/nvim/mason/packages/lua-language-server/libexec/meta/Lua%205.4%20en-us%20utf8/package.lua , size = 2.944 KB
[14:04:58.319][info] [#0:script/workspace/loading.lua:112]: ++++As library of:	file:///home/jsmith/.local/share/nvim/mason/packages/lua-language-server/libexec/meta/Lua%205.4%20en-us%20utf8/package.lua
[14:04:58.319][info] [#0:script/workspace/loading.lua:97]: Skip loaded file: file:///home/jsmith/.local/share/nvim/mason/packages/lua-language-server/libexec/meta/Lua%205.4%20en-us%20utf8/package.lua
[14:04:58.320][info] [#0:script/workspace/loading.lua:100]: Preload file at: file:///home/jsmith/.local/share/nvim/mason/packages/lua-language-server/libexec/meta/Lua%205.4%20en-us%20utf8/table.lua , size = 4.445 KB
[14:04:58.334][info] [#0:script/workspace/loading.lua:112]: ++++As library of:	file:///home/jsmith/.local/share/nvim/mason/packages/lua-language-server/libexec/meta/Lua%205.4%20en-us%20utf8/table.lua
[14:04:58.334][info] [#0:script/workspace/loading.lua:97]: Skip loaded file: file:///home/jsmith/.local/share/nvim/mason/packages/lua-language-server/libexec/meta/Lua%205.4%20en-us%20utf8/table.lua
[14:04:58.334][info] [#0:script/workspace/loading.lua:100]: Preload file at: file:///home/jsmith/.local/share/nvim/mason/packages/lua-language-server/libexec/meta/Lua%205.4%20en-us%20utf8/math.lua , size = 8.542 KB
[14:04:58.345][info] [#0:script/workspace/loading.lua:112]: ++++As library of:	file:///home/jsmith/.local/share/nvim/mason/packages/lua-language-server/libexec/meta/Lua%205.4%20en-us%20utf8/math.lua
[14:04:58.345][info] [#0:script/workspace/loading.lua:100]: Preload file at: file:///home/jsmith/.local/share/nvim/mason/packages/lua-language-server/libexec/meta/Lua%205.4%20en-us%20utf8/builtin.lua , size = 0.302 KB
[14:04:58.346][info] [#0:script/workspace/loading.lua:112]: ++++As library of:	file:///home/jsmith/.local/share/nvim/mason/packages/lua-language-server/libexec/meta/Lua%205.4%20en-us%20utf8/builtin.lua
[14:04:58.346][info] [#0:script/workspace/loading.lua:97]: Skip loaded file: file:///home/jsmith/.local/share/nvim/mason/packages/lua-language-server/libexec/meta/Lua%205.4%20en-us%20utf8/builtin.lua
[14:04:58.346][info] [#0:script/workspace/loading.lua:97]: Skip loaded file: file:///home/jsmith/.local/share/nvim/mason/packages/lua-language-server/libexec/meta/Lua%205.4%20en-us%20utf8/math.lua
[14:04:58.346][info] [#0:script/workspace/loading.lua:100]: Preload file at: file:///home/jsmith/.local/share/nvim/mason/packages/lua-language-server/libexec/meta/Lua%205.4%20en-us%20utf8/basic.lua , size = 15.841 KB
[14:04:58.353][info] [#0:script/workspace/loading.lua:112]: ++++As library of:	file:///home/jsmith/.local/share/nvim/mason/packages/lua-language-server/libexec/meta/Lua%205.4%20en-us%20utf8/basic.lua
[14:04:58.353][info] [#0:script/workspace/loading.lua:100]: Preload file at: file:///home/jsmith/.local/share/nvim/mason/packages/lua-language-server/libexec/meta/Lua%205.4%20en-us%20utf8/io.lua , size = 6.364 KB
[14:04:58.356][info] [#0:script/workspace/loading.lua:112]: ++++As library of:	file:///home/jsmith/.local/share/nvim/mason/packages/lua-language-server/libexec/meta/Lua%205.4%20en-us%20utf8/io.lua
[14:04:58.356][info] [#0:script/workspace/loading.lua:97]: Skip loaded file: file:///home/jsmith/.local/share/nvim/mason/packages/lua-language-server/libexec/meta/Lua%205.4%20en-us%20utf8/io.lua
[14:04:58.356][info] [#0:script/workspace/loading.lua:97]: Skip loaded file: file:///home/jsmith/.local/share/nvim/mason/packages/lua-language-server/libexec/meta/Lua%205.4%20en-us%20utf8/basic.lua
[14:04:58.356][info] [#0:script/workspace/loading.lua:100]: Preload file at: file:///home/jsmith/.local/share/nvim/mason/packages/lua-language-server/libexec/meta/Lua%205.4%20en-us%20utf8/string.lua , size = 5.234 KB
[14:04:58.360][info] [#0:script/workspace/loading.lua:112]: ++++As library of:	file:///home/jsmith/.local/share/nvim/mason/packages/lua-language-server/libexec/meta/Lua%205.4%20en-us%20utf8/string.lua
[14:04:58.360][info] [#0:script/workspace/loading.lua:88]: Skip loaded file: file:///home/jsmith/.local/share/nvim/mason/packages/lua-language-server/libexec/meta/Lua%205.4%20en-us%20utf8/string.lua
[14:04:58.360][info] [#0:script/workspace/loading.lua:112]: ++++As library of:	file:///home/jsmith/.local/share/nvim/mason/packages/lua-language-server/libexec/meta/Lua%205.4%20en-us%20utf8/string.lua
[14:04:58.361][info] [#0:script/workspace/loading.lua:100]: Preload file at: file:///home/jsmith/.local/share/nvim/mason/packages/lua-language-server/libexec/meta/Lua%205.4%20en-us%20utf8/coroutine.lua , size = 2.590 KB
[14:04:58.376][info] [#0:script/workspace/loading.lua:112]: ++++As library of:	file:///home/jsmith/.local/share/nvim/mason/packages/lua-language-server/libexec/meta/Lua%205.4%20en-us%20utf8/coroutine.lua
[14:04:58.376][info] [#0:script/workspace/loading.lua:97]: Skip loaded file: file:///home/jsmith/.local/share/nvim/mason/packages/lua-language-server/libexec/meta/Lua%205.4%20en-us%20utf8/coroutine.lua
[14:04:58.377][info] [#0:script/workspace/loading.lua:100]: Preload file at: file:///home/jsmith/.local/share/nvim/mason/packages/lua-language-server/libexec/meta/Lua%205.4%20en-us%20utf8/os.lua , size = 5.611 KB
[14:04:58.385][info] [#0:script/workspace/loading.lua:112]: ++++As library of:	file:///home/jsmith/.local/share/nvim/mason/packages/lua-language-server/libexec/meta/Lua%205.4%20en-us%20utf8/os.lua
[14:04:58.385][info] [#0:script/workspace/loading.lua:97]: Skip loaded file: file:///home/jsmith/.local/share/nvim/mason/packages/lua-language-server/libexec/meta/Lua%205.4%20en-us%20utf8/os.lua
[14:04:58.386][info] [#0:script/workspace/loading.lua:100]: Preload file at: file:///home/jsmith/.local/share/nvim/mason/packages/lua-language-server/libexec/meta/Lua%205.4%20en-us%20utf8/utf8.lua , size = 2.386 KB
[14:04:58.390][info] [#0:script/workspace/loading.lua:112]: ++++As library of:	file:///home/jsmith/.local/share/nvim/mason/packages/lua-language-server/libexec/meta/Lua%205.4%20en-us%20utf8/utf8.lua
[14:04:58.390][info] [#0:script/workspace/loading.lua:97]: Skip loaded file: file:///home/jsmith/.local/share/nvim/mason/packages/lua-language-server/libexec/meta/Lua%205.4%20en-us%20utf8/utf8.lua
[14:04:58.390][info] [#0:script/workspace/loading.lua:172]: Loaded files takes [0.097] sec: <fallback>
[14:04:58.390][info] [#0:script/workspace/loading.lua:181]: Compile files takes [0.000] sec: <fallback>
[14:04:58.390][info] [#0:script/workspace/loading.lua:182]: Loaded finish:	<fallback>
[14:04:58.390][info] [#0:script/workspace/workspace.lua:387]: Preload finish at:	<fallback>
[14:04:58.393][info] [#0:script/workspace/loading.lua:100]: Preload file at: file:///home/jsmith/Documents/custom-arch/airootfs/root/.config/nvim/lua/custom/plugins/init.lua , size = 0.138 KB
[14:04:58.394][info] [#0:script/workspace/loading.lua:100]: Preload file at: file:///home/jsmith/Documents/custom-arch/airootfs/root/.config/nvim/lua/kickstart/plugins/examplePlugin.lua , size = 0.010 KB
[14:04:58.395][info] [#0:script/workspace/loading.lua:100]: Preload file at: file:///home/jsmith/Documents/custom-arch/airootfs/root/.config/nvim/lua/mason-packages.lua , size = 0.700 KB
[14:04:58.396][info] [#0:script/workspace/loading.lua:88]: Skip loaded file: file:///home/jsmith/Documents/custom-arch/airootfs/root/.config/nvim/init.lua
[14:04:58.396][info] [#0:script/workspace/loading.lua:172]: Loaded files takes [0.103] sec: file:///home/jsmith/Documents/custom-arch/airootfs/root/.config/nvim
[14:04:58.396][info] [#0:script/workspace/loading.lua:181]: Compile files takes [0.000] sec: file:///home/jsmith/Documents/custom-arch/airootfs/root/.config/nvim
[14:04:58.396][info] [#0:script/workspace/loading.lua:182]: Loaded finish:	file:///home/jsmith/Documents/custom-arch/airootfs/root/.config/nvim
[14:04:58.396][info] [#0:script/workspace/workspace.lua:387]: Preload finish at:	file:///home/jsmith/Documents/custom-arch/airootfs/root/.config/nvim
[14:04:58.418][info] [#0:script/provider/diagnostic.lua:560]: Diagnostics scope [file:///home/jsmith/Documents/custom-arch/airootfs/root/.config/nvim], files count:[15]
[14:04:58.988][info] [#0:script/provider/diagnostic.lua:577]: Diagnostics scope [file:///home/jsmith/Documents/custom-arch/airootfs/root/.config/nvim] finished, takes [0.196] sec.
[14:05:23.341][info] [#0:script/workspace/workspace.lua:290]: Scan files at:	file:///home/jsmith/Documents/custom-arch/airootfs/root/.config/nvim/init.lua
[14:05:23.341][info] [#0:script/workspace/loading.lua:160]: Load files from disk:	file:///home/jsmith/Documents/custom-arch/airootfs/root/.config/nvim/init.lua
[14:05:23.341][info] [#0:script/workspace/loading.lua:88]: Skip loaded file: file:///home/jsmith/Documents/custom-arch/airootfs/root/.config/nvim/init.lua
[14:05:23.342][info] [#0:script/workspace/loading.lua:172]: Loaded files takes [0.000] sec: file:///home/jsmith/Documents/custom-arch/airootfs/root/.config/nvim/init.lua
[14:05:23.342][info] [#0:script/workspace/loading.lua:181]: Compile files takes [0.000] sec: file:///home/jsmith/Documents/custom-arch/airootfs/root/.config/nvim/init.lua
[14:05:23.342][info] [#0:script/workspace/loading.lua:182]: Loaded finish:	file:///home/jsmith/Documents/custom-arch/airootfs/root/.config/nvim/init.lua
[14:05:25.938][info] [#0:script/provider/diagnostic.lua:560]: Diagnostics scope [file:///home/jsmith/Documents/custom-arch/airootfs/root/.config/nvim], files count:[15]
[14:05:26.385][info] [#0:script/provider/diagnostic.lua:577]: Diagnostics scope [file:///home/jsmith/Documents/custom-arch/airootfs/root/.config/nvim] finished, takes [0.107] sec.
[14:06:23.053][info] [#0:script/provider/provider.lua:176]: Server shutdown.
[14:06:23.053][warn] [#0:script/pub/report.lua:24]: Load proto error:	Disconnected!
